This is pdfTeX, Version 3.1415926-2.3-1.40.12 (TeX Live 2011) (format=pdflatex 2011.7.3)  16 MAY 2013 16:56
entering extended mode
 restricted \write18 enabled.
 %&-line parsing enabled.
**supporting_information.tex
(./supporting_information.tex
LaTeX2e <2009/09/24>
Babel <v3.8l> and hyphenation patterns for english, dumylang, nohyphenation, ge
rman-x-2009-06-19, ngerman-x-2009-06-19, afrikaans, ancientgreek, ibycus, arabi
c, armenian, basque, bulgarian, catalan, pinyin, coptic, croatian, czech, danis
h, dutch, ukenglish, usenglishmax, esperanto, estonian, ethiopic, farsi, finnis
h, french, galician, german, ngerman, swissgerman, monogreek, greek, hungarian,
 icelandic, assamese, bengali, gujarati, hindi, kannada, malayalam, marathi, or
iya, panjabi, tamil, telugu, indonesian, interlingua, irish, italian, kurmanji,
 lao, latin, latvian, lithuanian, mongolian, mongolianlmc, bokmal, nynorsk, pol
ish, portuguese, romanian, russian, sanskrit, serbian, serbianc, slovak, sloven
ian, spanish, swedish, turkish, turkmen, ukrainian, uppersorbian, welsh, loaded
.
(/usr/local/texlive/2011/texmf-dist/tex/latex/base/article.cls
Document Class: article 2007/10/19 v1.4h Standard LaTeX document class
(/usr/local/texlive/2011/texmf-dist/tex/latex/base/size12.clo
File: size12.clo 2007/10/19 v1.4h Standard LaTeX file (size option)
)
\c@part=\count79
\c@section=\count80
\c@subsection=\count81
\c@subsubsection=\count82
\c@paragraph=\count83
\c@subparagraph=\count84
\c@figure=\count85
\c@table=\count86
\abovecaptionskip=\skip41
\belowcaptionskip=\skip42
\bibindent=\dimen102
)
(/usr/local/texlive/2011/texmf-dist/tex/latex/amsmath/amsmath.sty
Package: amsmath 2000/07/18 v2.13 AMS math features
\@mathmargin=\skip43

For additional information on amsmath, use the `?' option.
(/usr/local/texlive/2011/texmf-dist/tex/latex/amsmath/amstext.sty
Package: amstext 2000/06/29 v2.01

(/usr/local/texlive/2011/texmf-dist/tex/latex/amsmath/amsgen.sty
File: amsgen.sty 1999/11/30 v2.0
\@emptytoks=\toks14
\ex@=\dimen103
))
(/usr/local/texlive/2011/texmf-dist/tex/latex/amsmath/amsbsy.sty
Package: amsbsy 1999/11/29 v1.2d
\pmbraise@=\dimen104
)
(/usr/local/texlive/2011/texmf-dist/tex/latex/amsmath/amsopn.sty
Package: amsopn 1999/12/14 v2.01 operator names
)
\inf@bad=\count87
LaTeX Info: Redefining \frac on input line 211.
\uproot@=\count88
\leftroot@=\count89
LaTeX Info: Redefining \overline on input line 307.
\classnum@=\count90
\DOTSCASE@=\count91
LaTeX Info: Redefining \ldots on input line 379.
LaTeX Info: Redefining \dots on input line 382.
LaTeX Info: Redefining \cdots on input line 467.
\Mathstrutbox@=\box26
\strutbox@=\box27
\big@size=\dimen105
LaTeX Font Info:    Redeclaring font encoding OML on input line 567.
LaTeX Font Info:    Redeclaring font encoding OMS on input line 568.
\macc@depth=\count92
\c@MaxMatrixCols=\count93
\dotsspace@=\muskip10
\c@parentequation=\count94
\dspbrk@lvl=\count95
\tag@help=\toks15
\row@=\count96
\column@=\count97
\maxfields@=\count98
\andhelp@=\toks16
\eqnshift@=\dimen106
\alignsep@=\dimen107
\tagshift@=\dimen108
\tagwidth@=\dimen109
\totwidth@=\dimen110
\lineht@=\dimen111
\@envbody=\toks17
\multlinegap=\skip44
\multlinetaggap=\skip45
\mathdisplay@stack=\toks18
LaTeX Info: Redefining \[ on input line 2666.
LaTeX Info: Redefining \] on input line 2667.
)
(/usr/local/texlive/2011/texmf-dist/tex/latex/endfloat/endfloat.sty
Package: endfloat 1995/10/11 v2.4i LaTeX2e package puts figures and tables at e
nd (jdm)
\c@postfig=\count99
\efloat@postfff=\write3
\@ef@fffopen=\count100
\c@posttbl=\count101
\efloat@postttt=\write4
\@ef@tttopen=\count102
)
(/usr/local/texlive/2011/texmf-dist/tex/latex/graphics/color.sty
Package: color 2005/11/14 v1.0j Standard LaTeX Color (DPC)

(/usr/local/texlive/2011/texmf-dist/tex/latex/latexconfig/color.cfg
File: color.cfg 2007/01/18 v1.5 color configuration of teTeX/TeXLive
)
Package color Info: Driver file: pdftex.def on input line 130.

(/usr/local/texlive/2011/texmf-dist/tex/latex/pdftex-def/pdftex.def
File: pdftex.def 2011/05/27 v0.06d Graphics/color for pdfTeX

(/usr/local/texlive/2011/texmf-dist/tex/generic/oberdiek/infwarerr.sty
Package: infwarerr 2010/04/08 v1.3 Providing info/warning/message (HO)
)
(/usr/local/texlive/2011/texmf-dist/tex/generic/oberdiek/ltxcmds.sty
Package: ltxcmds 2011/04/18 v1.20 LaTeX kernel commands for general use (HO)
)
\Gread@gobject=\count103
)
(/usr/local/texlive/2011/texmf-dist/tex/latex/graphics/dvipsnam.def
File: dvipsnam.def 1999/02/16 v3.0i Driver-dependant file (DPC,SPQR)
))
(/usr/local/texlive/2011/texmf-dist/tex/latex/preprint/authblk.sty
Package: authblk 2009/11/18 1.3 (PWD)
\affilsep=\skip46
\@affilsep=\skip47
\c@Maxaffil=\count104
\c@authors=\count105
\c@affil=\count106
)
(/usr/local/texlive/2011/texmf-dist/tex/latex/graphics/graphicx.sty
Package: graphicx 1999/02/16 v1.0f Enhanced LaTeX Graphics (DPC,SPQR)

(/usr/local/texlive/2011/texmf-dist/tex/latex/graphics/keyval.sty
Package: keyval 1999/03/16 v1.13 key=value parser (DPC)
\KV@toks@=\toks19
)
(/usr/local/texlive/2011/texmf-dist/tex/latex/graphics/graphics.sty
Package: graphics 2009/02/05 v1.0o Standard LaTeX Graphics (DPC,SPQR)

(/usr/local/texlive/2011/texmf-dist/tex/latex/graphics/trig.sty
Package: trig 1999/03/16 v1.09 sin cos tan (DPC)
)
(/usr/local/texlive/2011/texmf-dist/tex/latex/latexconfig/graphics.cfg
File: graphics.cfg 2010/04/23 v1.9 graphics configuration of TeX Live
)
Package graphics Info: Driver file: pdftex.def on input line 91.
)
\Gin@req@height=\dimen112
\Gin@req@width=\dimen113
)
(/usr/local/texlive/2011/texmf-dist/tex/latex/psnfss/palatino.sty
Package: palatino 2005/04/12 PSNFSS-v9.2a (SPQR) 
)
(/usr/local/texlive/2011/texmf-dist/tex/latex/microtype/microtype.sty
Package: microtype 2010/01/10 v2.4 Micro-typography with pdfTeX (RS)
\MT@toks=\toks20
\MT@count=\count107
LaTeX Info: Redefining \lsstyle on input line 1597.
LaTeX Info: Redefining \lslig on input line 1597.
\MT@outer@space=\skip48
LaTeX Info: Redefining \textls on input line 1605.
\MT@outer@kern=\dimen114
LaTeX Info: Redefining \textmicrotypecontext on input line 2156.
Package microtype Info: Loading configuration file microtype.cfg.

(/usr/local/texlive/2011/texmf-dist/tex/latex/microtype/microtype.cfg
File: microtype.cfg 2010/01/10 v2.4 microtype main configuration file (RS)
))
(/usr/local/texlive/2011/texmf-dist/tex/latex/natbib/natbib.sty
Package: natbib 2010/09/13 8.31b (PWD, AO)
\bibhang=\skip49
\bibsep=\skip50
LaTeX Info: Redefining \cite on input line 694.
\c@NAT@ctr=\count108
)
(./supporting_information.aux)
\openout1 = `supporting_information.aux'.

LaTeX Font Info:    Checking defaults for OML/cmm/m/it on input line 36.
LaTeX Font Info:    ... okay on input line 36.
LaTeX Font Info:    Checking defaults for T1/cmr/m/n on input line 36.
LaTeX Font Info:    ... okay on input line 36.
LaTeX Font Info:    Checking defaults for OT1/cmr/m/n on input line 36.
LaTeX Font Info:    ... okay on input line 36.
LaTeX Font Info:    Checking defaults for OMS/cmsy/m/n on input line 36.
LaTeX Font Info:    ... okay on input line 36.
LaTeX Font Info:    Checking defaults for OMX/cmex/m/n on input line 36.
LaTeX Font Info:    ... okay on input line 36.
LaTeX Font Info:    Checking defaults for U/cmr/m/n on input line 36.
LaTeX Font Info:    ... okay on input line 36.
LaTeX Font Info:    Try loading font information for OT1+ppl on input line 36.

(/usr/local/texlive/2011/texmf-dist/tex/latex/psnfss/ot1ppl.fd
File: ot1ppl.fd 2001/06/04 font definitions for OT1/ppl.
)
(/usr/local/texlive/2011/texmf-dist/tex/context/base/supp-pdf.mkii
[Loading MPS to PDF converter (version 2006.09.02).]
\scratchcounter=\count109
\scratchdimen=\dimen115
\scratchbox=\box28
\nofMPsegments=\count110
\nofMParguments=\count111
\everyMPshowfont=\toks21
\MPscratchCnt=\count112
\MPscratchDim=\dimen116
\MPnumerator=\count113
\makeMPintoPDFobject=\count114
\everyMPtoPDFconversion=\toks22
) (/usr/local/texlive/2011/texmf-dist/tex/generic/oberdiek/pdftexcmds.sty
Package: pdftexcmds 2011/04/22 v0.16 Utilities of pdfTeX for LuaTeX (HO)

(/usr/local/texlive/2011/texmf-dist/tex/generic/oberdiek/ifluatex.sty
Package: ifluatex 2010/03/01 v1.3 Provides the ifluatex switch (HO)
Package ifluatex Info: LuaTeX not detected.
)
(/usr/local/texlive/2011/texmf-dist/tex/generic/oberdiek/ifpdf.sty
Package: ifpdf 2011/01/30 v2.3 Provides the ifpdf switch (HO)
Package ifpdf Info: pdfTeX in PDF mode is detected.
)
Package pdftexcmds Info: LuaTeX not detected.
Package pdftexcmds Info: \pdf@primitive is available.
Package pdftexcmds Info: \pdf@ifprimitive is available.
Package pdftexcmds Info: \pdfdraftmode found.
)
(/usr/local/texlive/2011/texmf-dist/tex/latex/oberdiek/epstopdf-base.sty
Package: epstopdf-base 2010/02/09 v2.5 Base part for package epstopdf

(/usr/local/texlive/2011/texmf-dist/tex/latex/oberdiek/grfext.sty
Package: grfext 2010/08/19 v1.1 Managing graphics extensions (HO)

(/usr/local/texlive/2011/texmf-dist/tex/generic/oberdiek/kvdefinekeys.sty
Package: kvdefinekeys 2011/04/07 v1.3 Defining keys (HO)
))
(/usr/local/texlive/2011/texmf-dist/tex/latex/oberdiek/kvoptions.sty
Package: kvoptions 2010/12/23 v3.10 Keyval support for LaTeX options (HO)

(/usr/local/texlive/2011/texmf-dist/tex/generic/oberdiek/kvsetkeys.sty
Package: kvsetkeys 2011/04/07 v1.13 Key value parser (HO)

(/usr/local/texlive/2011/texmf-dist/tex/generic/oberdiek/etexcmds.sty
Package: etexcmds 2011/02/16 v1.5 Prefix for e-TeX command names (HO)
Package etexcmds Info: Could not find \expanded.
(etexcmds)             That can mean that you are not using pdfTeX 1.50 or
(etexcmds)             that some package has redefined \expanded.
(etexcmds)             In the latter case, load this package earlier.
)))
Package grfext Info: Graphics extension search list:
(grfext)             [.png,.pdf,.jpg,.mps,.jpeg,.jbig2,.jb2,.PNG,.PDF,.JPG,.JPE
G,.JBIG2,.JB2,.eps]
(grfext)             \AppendGraphicsExtensions on input line 452.

(/usr/local/texlive/2011/texmf-dist/tex/latex/latexconfig/epstopdf-sys.cfg
File: epstopdf-sys.cfg 2010/07/13 v1.3 Configuration of (r)epstopdf for TeX Liv
e
))
LaTeX Info: Redefining \microtypecontext on input line 36.
Package microtype Info: Generating PDF output.
Package microtype Info: Character protrusion enabled (level 2).
Package microtype Info: Using default protrusion set `alltext'.
Package microtype Info: Automatic font expansion enabled (level 2),
(microtype)             stretch: 20, shrink: 20, step: 1, non-selected.
Package microtype Info: Using default expansion set `basictext'.
Package microtype Info: No tracking.
Package microtype Info: No adjustment of interword spacing.
Package microtype Info: No adjustment of character kerning.

(/usr/local/texlive/2011/texmf-dist/tex/latex/microtype/mt-ppl.cfg
File: mt-ppl.cfg 2005/11/16 v1.6 microtype config. file: Palatino (RS)
)
LaTeX Font Info:    Font shape `OT1/ppl/bx/n' in size <17.28> not available
(Font)              Font shape `OT1/ppl/b/n' tried instead on input line 41.

Overfull \hbox (19.41212pt too wide) in paragraph at lines 41--41
[]\OT1/ppl/b/n/17.28 Preparation of in-put mod-els for chamelon se-quences 
 []

(/usr/local/texlive/2011/texmf-dist/tex/latex/microtype/mt-cmr.cfg
File: mt-cmr.cfg 2009/11/09 v2.0 microtype config. file: Computer Modern Roman 
(RS)
)
\openout3 = `supporting_information.fff'.


(supporting_information.fff) [1

{/usr/local/texlive/2011/texmf-var/fonts/map/pdftex/updmap/pdftex.map}]
Overfull \hbox (5.83022pt too wide) in paragraph at lines 115--115
[]\OT1/ppl/b/n/17.28 What can we say about low res-o-lu-tion mod-els from
 []

[2] AED endfloat: Processing end Figures and Tables [3]
(./supporting_information.fff
<orban_perres_SI.pdf, id=15, 722.7pt x 542.025pt>
File: orban_perres_SI.pdf Graphic file (type pdf)
 <use orban_perres_SI.pdf>
Package pdftex.def Info: orban_perres_SI.pdf used on input line 3.
(pdftex.def)             Requested size: 404.70923pt x 383.04572pt.

Overfull \hbox (14.70923pt too wide) in paragraph at lines 3--15
[][]
 []


LaTeX Warning: Float too large for page by 108.92964pt on input line 16.

[4 <./orban_perres_SI.pdf>]

pdfTeX warning: pdflatex (file ./T0560.pdf): PDF inclusion: found PDF version <
1.7>, but at most version <1.5> allowed
<T0560.pdf, id=64, 368.04199pt x 333.74687pt>
File: T0560.pdf Graphic file (type pdf)
 <use T0560.pdf>
Package pdftex.def Info: T0560.pdf used on input line 22.
(pdftex.def)             Requested size: 252.94499pt x 229.37912pt.
 [5 <./T0560.pdf>] <T0569.pdf, id=314, 722.7pt x 542.025pt>
File: T0569.pdf Graphic file (type pdf)
 <use T0569.pdf>
Package pdftex.def Info: T0569.pdf used on input line 32.
(pdftex.def)             Requested size: 274.62885pt x 245.72026pt.
 [6 <./T0569.pdf>]
<T0569_perres2.pdf, id=351, 722.7pt x 542.025pt>
File: T0569_perres2.pdf Graphic file (type pdf)
 <use T0569_perres2.pdf>
Package pdftex.def Info: T0569_perres2.pdf used on input line 42.
(pdftex.def)             Requested size: 361.3491pt x 289.09142pt.

[7 <./T0569_perres2.pdf>]

pdfTeX warning: pdflatex (file ./T0538.pdf): PDF inclusion: found PDF version <
1.7>, but at most version <1.5> allowed
<T0538.pdf, id=384, 368.04199pt x 377.24239pt>
File: T0538.pdf Graphic file (type pdf)
 <use T0538.pdf>
Package pdftex.def Info: T0538.pdf used on input line 57.
(pdftex.def)             Requested size: 252.94499pt x 259.2729pt.
 [8 <./T0538.pdf>]

pdfTeX warning: pdflatex (file ./T0531.pdf): PDF inclusion: found PDF version <
1.7>, but at most version <1.5> allowed
<T0531.pdf, id=860, 364.69551pt x 321.70187pt>
File: T0531.pdf Graphic file (type pdf)
 <use T0531.pdf>
Package pdftex.def Info: T0531.pdf used on input line 69.
(pdftex.def)             Requested size: 252.94499pt x 223.12808pt.
 [9 <./T0531.pdf>]
Package epstopdf Info: Source file: <dg.eps>
(epstopdf)                    date: 2013-05-16 16:41:38
(epstopdf)                    size: 21322 bytes
(epstopdf)             Output file: <dg-eps-converted-to.pdf>
(epstopdf)                    date: 2013-05-16 16:55:36
(epstopdf)                    size: 6013 bytes
(epstopdf)             Command: <repstopdf --outfile=dg-eps-converted-to.pdf dg
.eps>
(epstopdf)             \includegraphics on input line 80.
Package epstopdf Info: Output file is already uptodate.
 <dg-eps-converted-to.pdf, id=1411, 361.35pt x 252.945pt>
File: dg-eps-converted-to.pdf Graphic file (type pdf)

<use dg-eps-converted-to.pdf>
Package pdftex.def Info: dg-eps-converted-to.pdf used on input line 80.
(pdftex.def)             Requested size: 310.76122pt x 217.53232pt.
 [10 <./dg-eps-converted-to.pdf>])
(./supporting_information.aux) ) 
Here is how much of TeX's memory you used:
 4432 strings out of 493633
 65701 string characters out of 3143378
 155170 words of memory out of 3000000
 7607 multiletter control sequences out of 15000+200000
 15790 words of font info for 76 fonts, out of 3000000 for 9000
 831 hyphenation exceptions out of 8191
 38i,6n,35p,1437b,311s stack positions out of 5000i,500n,10000p,200000b,50000s
{/usr/local/texlive/2011/texmf-dist/fonts/enc/d
vips/base/8r.enc}</usr/local/texlive/2011/texmf-dist/fonts/type1/public/amsfont
s/cm/cmmi12.pfb></usr/local/texlive/2011/texmf-dist/fonts/type1/urw/palatino/up
lb8a.pfb></usr/local/texlive/2011/texmf-dist/fonts/type1/urw/palatino/uplr8a.pf
b>
Output written on supporting_information.pdf (10 pages, 14936942 bytes).
PDF statistics:
 1434 PDF objects out of 1440 (max. 8388607)
 340 compressed objects within 4 object streams
 0 named destinations out of 1000 (max. 500000)
 11812 words of extra memory for PDF output out of 12000 (max. 10000000)

